The system is: Linux - 5.4.0-122-generic - x86_64
Compiling the C compiler identification source file "CMakeCCompilerId.c" succeeded.
Compiler: /home/cmos/RV1126_RV1109_SDK/prebuilts/gcc/linux-x86/arm/gcc-arm-8.3-2019.03-x86_64-arm-linux-gnueabihf/bin/arm-linux-gnueabihf-gcc 
Build flags: 
Id flags:  

The output was:
0


Compilation of the C compiler identification source "CMakeCCompilerId.c" produced "a.out"

The C compiler identification is GNU, found in "/home/cmos/RV1126_RV1109_SDK/external/rknpu/rknn/rknn_api/examples/rknn_ssd_demo/build/CMakeFiles/3.10.2/CompilerIdC/a.out"

Compiling the CXX compiler identification source file "CMakeCXXCompilerId.cpp" succeeded.
Compiler: /home/cmos/RV1126_RV1109_SDK/prebuilts/gcc/linux-x86/arm/gcc-arm-8.3-2019.03-x86_64-arm-linux-gnueabihf/bin/arm-linux-gnueabihf-g++ 
Build flags: 
Id flags:  

The output was:
0


Compilation of the CXX compiler identification source "CMakeCXXCompilerId.cpp" produced "a.out"

The CXX compiler identification is GNU, found in "/home/cmos/RV1126_RV1109_SDK/external/rknpu/rknn/rknn_api/examples/rknn_ssd_demo/build/CMakeFiles/3.10.2/CompilerIdCXX/a.out"

Determining if the C compiler works passed with the following output:
Change Dir: /home/cmos/RV1126_RV1109_SDK/external/rknpu/rknn/rknn_api/examples/rknn_ssd_demo/build/CMakeFiles/CMakeTmp

Run Build Command:"/usr/bin/make" "cmTC_3ec7c/fast"
/usr/bin/make -f CMakeFiles/cmTC_3ec7c.dir/build.make CMakeFiles/cmTC_3ec7c.dir/build
make[1]: Entering directory '/home/cmos/RV1126_RV1109_SDK/external/rknpu/rknn/rknn_api/examples/rknn_ssd_demo/build/CMakeFiles/CMakeTmp'
Building C object CMakeFiles/cmTC_3ec7c.dir/testCCompiler.c.o
/home/cmos/RV1126_RV1109_SDK/prebuilts/gcc/linux-x86/arm/gcc-arm-8.3-2019.03-x86_64-arm-linux-gnueabihf/bin/arm-linux-gnueabihf-gcc    -o CMakeFiles/cmTC_3ec7c.dir/testCCompiler.c.o   -c /home/cmos/RV1126_RV1109_SDK/external/rknpu/rknn/rknn_api/examples/rknn_ssd_demo/build/CMakeFiles/CMakeTmp/testCCompiler.c
Linking C executable cmTC_3ec7c
/usr/bin/cmake -E cmake_link_script CMakeFiles/cmTC_3ec7c.dir/link.txt --verbose=1
/home/cmos/RV1126_RV1109_SDK/prebuilts/gcc/linux-x86/arm/gcc-arm-8.3-2019.03-x86_64-arm-linux-gnueabihf/bin/arm-linux-gnueabihf-gcc      CMakeFiles/cmTC_3ec7c.dir/testCCompiler.c.o  -o cmTC_3ec7c 
make[1]: Leaving directory '/home/cmos/RV1126_RV1109_SDK/external/rknpu/rknn/rknn_api/examples/rknn_ssd_demo/build/CMakeFiles/CMakeTmp'


Detecting C compiler ABI info compiled with the following output:
Change Dir: /home/cmos/RV1126_RV1109_SDK/external/rknpu/rknn/rknn_api/examples/rknn_ssd_demo/build/CMakeFiles/CMakeTmp

Run Build Command:"/usr/bin/make" "cmTC_c61fc/fast"
/usr/bin/make -f CMakeFiles/cmTC_c61fc.dir/build.make CMakeFiles/cmTC_c61fc.dir/build
make[1]: Entering directory '/home/cmos/RV1126_RV1109_SDK/external/rknpu/rknn/rknn_api/examples/rknn_ssd_demo/build/CMakeFiles/CMakeTmp'
Building C object CMakeFiles/cmTC_c61fc.dir/CMakeCCompilerABI.c.o
/home/cmos/RV1126_RV1109_SDK/prebuilts/gcc/linux-x86/arm/gcc-arm-8.3-2019.03-x86_64-arm-linux-gnueabihf/bin/arm-linux-gnueabihf-gcc    -o CMakeFiles/cmTC_c61fc.dir/CMakeCCompilerABI.c.o   -c /usr/share/cmake-3.10/Modules/CMakeCCompilerABI.c
Linking C executable cmTC_c61fc
/usr/bin/cmake -E cmake_link_script CMakeFiles/cmTC_c61fc.dir/link.txt --verbose=1
/home/cmos/RV1126_RV1109_SDK/prebuilts/gcc/linux-x86/arm/gcc-arm-8.3-2019.03-x86_64-arm-linux-gnueabihf/bin/arm-linux-gnueabihf-gcc     -v CMakeFiles/cmTC_c61fc.dir/CMakeCCompilerABI.c.o  -o cmTC_c61fc 
Using built-in specs.
COLLECT_GCC=/home/cmos/RV1126_RV1109_SDK/prebuilts/gcc/linux-x86/arm/gcc-arm-8.3-2019.03-x86_64-arm-linux-gnueabihf/bin/arm-linux-gnueabihf-gcc
COLLECT_LTO_WRAPPER=/home/cmos/RV1126_RV1109_SDK/prebuilts/gcc/linux-x86/arm/gcc-arm-8.3-2019.03-x86_64-arm-linux-gnueabihf/bin/../libexec/gcc/arm-linux-gnueabihf/8.3.0/lto-wrapper
Target: arm-linux-gnueabihf
Configured with: /tmp/dgboter/bbs/rhev-vm8--rhe6x86_64/buildbot/rhe6x86_64--arm-linux-gnueabihf/build/src/gcc/configure --target=arm-linux-gnueabihf --prefix= --with-sysroot=/arm-linux-gnueabihf/libc --with-build-sysroot=/tmp/dgboter/bbs/rhev-vm8--rhe6x86_64/buildbot/rhe6x86_64--arm-linux-gnueabihf/build/build-arm-linux-gnueabihf/install//arm-linux-gnueabihf/libc --with-bugurl=https://bugs.linaro.org/ --enable-gnu-indirect-function --enable-shared --disable-libssp --disable-libmudflap --enable-checking=release --enable-languages=c,c++,fortran --with-gmp=/tmp/dgboter/bbs/rhev-vm8--rhe6x86_64/buildbot/rhe6x86_64--arm-linux-gnueabihf/build/build-arm-linux-gnueabihf/host-tools --with-mpfr=/tmp/dgboter/bbs/rhev-vm8--rhe6x86_64/buildbot/rhe6x86_64--arm-linux-gnueabihf/build/build-arm-linux-gnueabihf/host-tools --with-mpc=/tmp/dgboter/bbs/rhev-vm8--rhe6x86_64/buildbot/rhe6x86_64--arm-linux-gnueabihf/build/build-arm-linux-gnueabihf/host-tools --with-isl=/tmp/dgboter/bbs/rhev-vm8--rhe6x86_64/buildbot/rhe6x86_64--arm-linux-gnueabihf/build/build-arm-linux-gnueabihf/host-tools --with-arch=armv7-a --with-fpu=neon --with-float=hard --with-arch=armv7-a --with-pkgversion='GNU Toolchain for the A-profile Architecture 8.3-2019.03 (arm-rel-8.36)'
Thread model: posix
gcc version 8.3.0 (GNU Toolchain for the A-profile Architecture 8.3-2019.03 (arm-rel-8.36)) 
COMPILER_PATH=/home/cmos/RV1126_RV1109_SDK/prebuilts/gcc/linux-x86/arm/gcc-arm-8.3-2019.03-x86_64-arm-linux-gnueabihf/bin/../libexec/gcc/arm-linux-gnueabihf/8.3.0/:/home/cmos/RV1126_RV1109_SDK/prebuilts/gcc/linux-x86/arm/gcc-arm-8.3-2019.03-x86_64-arm-linux-gnueabihf/bin/../libexec/gcc/:/home/cmos/RV1126_RV1109_SDK/prebuilts/gcc/linux-x86/arm/gcc-arm-8.3-2019.03-x86_64-arm-linux-gnueabihf/bin/../lib/gcc/arm-linux-gnueabihf/8.3.0/../../../../arm-linux-gnueabihf/bin/
LIBRARY_PATH=/home/cmos/RV1126_RV1109_SDK/prebuilts/gcc/linux-x86/arm/gcc-arm-8.3-2019.03-x86_64-arm-linux-gnueabihf/bin/../lib/gcc/arm-linux-gnueabihf/8.3.0/:/home/cmos/RV1126_RV1109_SDK/prebuilts/gcc/linux-x86/arm/gcc-arm-8.3-2019.03-x86_64-arm-linux-gnueabihf/bin/../lib/gcc/:/home/cmos/RV1126_RV1109_SDK/prebuilts/gcc/linux-x86/arm/gcc-arm-8.3-2019.03-x86_64-arm-linux-gnueabihf/bin/../lib/gcc/arm-linux-gnueabihf/8.3.0/../../../../arm-linux-gnueabihf/lib/:/home/cmos/RV1126_RV1109_SDK/prebuilts/gcc/linux-x86/arm/gcc-arm-8.3-2019.03-x86_64-arm-linux-gnueabihf/bin/../arm-linux-gnueabihf/libc/lib/:/home/cmos/RV1126_RV1109_SDK/prebuilts/gcc/linux-x86/arm/gcc-arm-8.3-2019.03-x86_64-arm-linux-gnueabihf/bin/../arm-linux-gnueabihf/libc/usr/lib/
COLLECT_GCC_OPTIONS='-v' '-o' 'cmTC_c61fc'  '-mfloat-abi=hard' '-mfpu=neon' '-mtls-dialect=gnu' '-marm' '-march=armv7-a+simd'
 /home/cmos/RV1126_RV1109_SDK/prebuilts/gcc/linux-x86/arm/gcc-arm-8.3-2019.03-x86_64-arm-linux-gnueabihf/bin/../libexec/gcc/arm-linux-gnueabihf/8.3.0/collect2 -plugin /home/cmos/RV1126_RV1109_SDK/prebuilts/gcc/linux-x86/arm/gcc-arm-8.3-2019.03-x86_64-arm-linux-gnueabihf/bin/../libexec/gcc/arm-linux-gnueabihf/8.3.0/liblto_plugin.so -plugin-opt=/home/cmos/RV1126_RV1109_SDK/prebuilts/gcc/linux-x86/arm/gcc-arm-8.3-2019.03-x86_64-arm-linux-gnueabihf/bin/../libexec/gcc/arm-linux-gnueabihf/8.3.0/lto-wrapper -plugin-opt=-fresolution=/tmp/ccydN7y4.res -plugin-opt=-pass-through=-lgcc -plugin-opt=-pass-through=-lgcc_s -plugin-opt=-pass-through=-lc -plugin-opt=-pass-through=-lgcc -plugin-opt=-pass-through=-lgcc_s --sysroot=/home/cmos/RV1126_RV1109_SDK/prebuilts/gcc/linux-x86/arm/gcc-arm-8.3-2019.03-x86_64-arm-linux-gnueabihf/bin/../arm-linux-gnueabihf/libc --eh-frame-hdr -dynamic-linker /lib/ld-linux-armhf.so.3 -X -m armelf_linux_eabi -o cmTC_c61fc /home/cmos/RV1126_RV1109_SDK/prebuilts/gcc/linux-x86/arm/gcc-arm-8.3-2019.03-x86_64-arm-linux-gnueabihf/bin/../arm-linux-gnueabihf/libc/usr/lib/crt1.o /home/cmos/RV1126_RV1109_SDK/prebuilts/gcc/linux-x86/arm/gcc-arm-8.3-2019.03-x86_64-arm-linux-gnueabihf/bin/../arm-linux-gnueabihf/libc/usr/lib/crti.o /home/cmos/RV1126_RV1109_SDK/prebuilts/gcc/linux-x86/arm/gcc-arm-8.3-2019.03-x86_64-arm-linux-gnueabihf/bin/../lib/gcc/arm-linux-gnueabihf/8.3.0/crtbegin.o -L/home/cmos/RV1126_RV1109_SDK/prebuilts/gcc/linux-x86/arm/gcc-arm-8.3-2019.03-x86_64-arm-linux-gnueabihf/bin/../lib/gcc/arm-linux-gnueabihf/8.3.0 -L/home/cmos/RV1126_RV1109_SDK/prebuilts/gcc/linux-x86/arm/gcc-arm-8.3-2019.03-x86_64-arm-linux-gnueabihf/bin/../lib/gcc -L/home/cmos/RV1126_RV1109_SDK/prebuilts/gcc/linux-x86/arm/gcc-arm-8.3-2019.03-x86_64-arm-linux-gnueabihf/bin/../lib/gcc/arm-linux-gnueabihf/8.3.0/../../../../arm-linux-gnueabihf/lib -L/home/cmos/RV1126_RV1109_SDK/prebuilts/gcc/linux-x86/arm/gcc-arm-8.3-2019.03-x86_64-arm-linux-gnueabihf/bin/../arm-linux-gnueabihf/libc/lib -L/home/cmos/RV1126_RV1109_SDK/prebuilts/gcc/linux-x86/arm/gcc-arm-8.3-2019.03-x86_64-arm-linux-gnueabihf/bin/../arm-linux-gnueabihf/libc/usr/lib CMakeFiles/cmTC_c61fc.dir/CMakeCCompilerABI.c.o -lgcc --as-needed -lgcc_s --no-as-needed -lc -lgcc --as-needed -lgcc_s --no-as-needed /home/cmos/RV1126_RV1109_SDK/prebuilts/gcc/linux-x86/arm/gcc-arm-8.3-2019.03-x86_64-arm-linux-gnueabihf/bin/../lib/gcc/arm-linux-gnueabihf/8.3.0/crtend.o /home/cmos/RV1126_RV1109_SDK/prebuilts/gcc/linux-x86/arm/gcc-arm-8.3-2019.03-x86_64-arm-linux-gnueabihf/bin/../arm-linux-gnueabihf/libc/usr/lib/crtn.o
COLLECT_GCC_OPTIONS='-v' '-o' 'cmTC_c61fc'  '-mfloat-abi=hard' '-mfpu=neon' '-mtls-dialect=gnu' '-marm' '-march=armv7-a+simd'
make[1]: Leaving directory '/home/cmos/RV1126_RV1109_SDK/external/rknpu/rknn/rknn_api/examples/rknn_ssd_demo/build/CMakeFiles/CMakeTmp'


Parsed C implicit link information from above output:
  link line regex: [^( *|.*[/\])(ld|CMAKE_LINK_STARTFILE-NOTFOUND|([^/\]+-)?ld|collect2)[^/\]*( |$)]
  ignore line: [Change Dir: /home/cmos/RV1126_RV1109_SDK/external/rknpu/rknn/rknn_api/examples/rknn_ssd_demo/build/CMakeFiles/CMakeTmp]
  ignore line: []
  ignore line: [Run Build Command:"/usr/bin/make" "cmTC_c61fc/fast"]
  ignore line: [/usr/bin/make -f CMakeFiles/cmTC_c61fc.dir/build.make CMakeFiles/cmTC_c61fc.dir/build]
  ignore line: [make[1]: Entering directory '/home/cmos/RV1126_RV1109_SDK/external/rknpu/rknn/rknn_api/examples/rknn_ssd_demo/build/CMakeFiles/CMakeTmp']
  ignore line: [Building C object CMakeFiles/cmTC_c61fc.dir/CMakeCCompilerABI.c.o]
  ignore line: [/home/cmos/RV1126_RV1109_SDK/prebuilts/gcc/linux-x86/arm/gcc-arm-8.3-2019.03-x86_64-arm-linux-gnueabihf/bin/arm-linux-gnueabihf-gcc    -o CMakeFiles/cmTC_c61fc.dir/CMakeCCompilerABI.c.o   -c /usr/share/cmake-3.10/Modules/CMakeCCompilerABI.c]
  ignore line: [Linking C executable cmTC_c61fc]
  ignore line: [/usr/bin/cmake -E cmake_link_script CMakeFiles/cmTC_c61fc.dir/link.txt --verbose=1]
  ignore line: [/home/cmos/RV1126_RV1109_SDK/prebuilts/gcc/linux-x86/arm/gcc-arm-8.3-2019.03-x86_64-arm-linux-gnueabihf/bin/arm-linux-gnueabihf-gcc     -v CMakeFiles/cmTC_c61fc.dir/CMakeCCompilerABI.c.o  -o cmTC_c61fc ]
  ignore line: [Using built-in specs.]
  ignore line: [COLLECT_GCC=/home/cmos/RV1126_RV1109_SDK/prebuilts/gcc/linux-x86/arm/gcc-arm-8.3-2019.03-x86_64-arm-linux-gnueabihf/bin/arm-linux-gnueabihf-gcc]
  ignore line: [COLLECT_LTO_WRAPPER=/home/cmos/RV1126_RV1109_SDK/prebuilts/gcc/linux-x86/arm/gcc-arm-8.3-2019.03-x86_64-arm-linux-gnueabihf/bin/../libexec/gcc/arm-linux-gnueabihf/8.3.0/lto-wrapper]
  ignore line: [Target: arm-linux-gnueabihf]
  ignore line: [Configured with: /tmp/dgboter/bbs/rhev-vm8--rhe6x86_64/buildbot/rhe6x86_64--arm-linux-gnueabihf/build/src/gcc/configure --target=arm-linux-gnueabihf --prefix= --with-sysroot=/arm-linux-gnueabihf/libc --with-build-sysroot=/tmp/dgboter/bbs/rhev-vm8--rhe6x86_64/buildbot/rhe6x86_64--arm-linux-gnueabihf/build/build-arm-linux-gnueabihf/install//arm-linux-gnueabihf/libc --with-bugurl=https://bugs.linaro.org/ --enable-gnu-indirect-function --enable-shared --disable-libssp --disable-libmudflap --enable-checking=release --enable-languages=c,c++,fortran --with-gmp=/tmp/dgboter/bbs/rhev-vm8--rhe6x86_64/buildbot/rhe6x86_64--arm-linux-gnueabihf/build/build-arm-linux-gnueabihf/host-tools --with-mpfr=/tmp/dgboter/bbs/rhev-vm8--rhe6x86_64/buildbot/rhe6x86_64--arm-linux-gnueabihf/build/build-arm-linux-gnueabihf/host-tools --with-mpc=/tmp/dgboter/bbs/rhev-vm8--rhe6x86_64/buildbot/rhe6x86_64--arm-linux-gnueabihf/build/build-arm-linux-gnueabihf/host-tools --with-isl=/tmp/dgboter/bbs/rhev-vm8--rhe6x86_64/buildbot/rhe6x86_64--arm-linux-gnueabihf/build/build-arm-linux-gnueabihf/host-tools --with-arch=armv7-a --with-fpu=neon --with-float=hard --with-arch=armv7-a --with-pkgversion='GNU Toolchain for the A-profile Architecture 8.3-2019.03 (arm-rel-8.36)']
  ignore line: [Thread model: posix]
  ignore line: [gcc version 8.3.0 (GNU Toolchain for the A-profile Architecture 8.3-2019.03 (arm-rel-8.36)) ]
  ignore line: [COMPILER_PATH=/home/cmos/RV1126_RV1109_SDK/prebuilts/gcc/linux-x86/arm/gcc-arm-8.3-2019.03-x86_64-arm-linux-gnueabihf/bin/../libexec/gcc/arm-linux-gnueabihf/8.3.0/:/home/cmos/RV1126_RV1109_SDK/prebuilts/gcc/linux-x86/arm/gcc-arm-8.3-2019.03-x86_64-arm-linux-gnueabihf/bin/../libexec/gcc/:/home/cmos/RV1126_RV1109_SDK/prebuilts/gcc/linux-x86/arm/gcc-arm-8.3-2019.03-x86_64-arm-linux-gnueabihf/bin/../lib/gcc/arm-linux-gnueabihf/8.3.0/../../../../arm-linux-gnueabihf/bin/]
  ignore line: [LIBRARY_PATH=/home/cmos/RV1126_RV1109_SDK/prebuilts/gcc/linux-x86/arm/gcc-arm-8.3-2019.03-x86_64-arm-linux-gnueabihf/bin/../lib/gcc/arm-linux-gnueabihf/8.3.0/:/home/cmos/RV1126_RV1109_SDK/prebuilts/gcc/linux-x86/arm/gcc-arm-8.3-2019.03-x86_64-arm-linux-gnueabihf/bin/../lib/gcc/:/home/cmos/RV1126_RV1109_SDK/prebuilts/gcc/linux-x86/arm/gcc-arm-8.3-2019.03-x86_64-arm-linux-gnueabihf/bin/../lib/gcc/arm-linux-gnueabihf/8.3.0/../../../../arm-linux-gnueabihf/lib/:/home/cmos/RV1126_RV1109_SDK/prebuilts/gcc/linux-x86/arm/gcc-arm-8.3-2019.03-x86_64-arm-linux-gnueabihf/bin/../arm-linux-gnueabihf/libc/lib/:/home/cmos/RV1126_RV1109_SDK/prebuilts/gcc/linux-x86/arm/gcc-arm-8.3-2019.03-x86_64-arm-linux-gnueabihf/bin/../arm-linux-gnueabihf/libc/usr/lib/]
  ignore line: [COLLECT_GCC_OPTIONS='-v' '-o' 'cmTC_c61fc'  '-mfloat-abi=hard' '-mfpu=neon' '-mtls-dialect=gnu' '-marm' '-march=armv7-a+simd']
  link line: [ /home/cmos/RV1126_RV1109_SDK/prebuilts/gcc/linux-x86/arm/gcc-arm-8.3-2019.03-x86_64-arm-linux-gnueabihf/bin/../libexec/gcc/arm-linux-gnueabihf/8.3.0/collect2 -plugin /home/cmos/RV1126_RV1109_SDK/prebuilts/gcc/linux-x86/arm/gcc-arm-8.3-2019.03-x86_64-arm-linux-gnueabihf/bin/../libexec/gcc/arm-linux-gnueabihf/8.3.0/liblto_plugin.so -plugin-opt=/home/cmos/RV1126_RV1109_SDK/prebuilts/gcc/linux-x86/arm/gcc-arm-8.3-2019.03-x86_64-arm-linux-gnueabihf/bin/../libexec/gcc/arm-linux-gnueabihf/8.3.0/lto-wrapper -plugin-opt=-fresolution=/tmp/ccydN7y4.res -plugin-opt=-pass-through=-lgcc -plugin-opt=-pass-through=-lgcc_s -plugin-opt=-pass-through=-lc -plugin-opt=-pass-through=-lgcc -plugin-opt=-pass-through=-lgcc_s --sysroot=/home/cmos/RV1126_RV1109_SDK/prebuilts/gcc/linux-x86/arm/gcc-arm-8.3-2019.03-x86_64-arm-linux-gnueabihf/bin/../arm-linux-gnueabihf/libc --eh-frame-hdr -dynamic-linker /lib/ld-linux-armhf.so.3 -X -m armelf_linux_eabi -o cmTC_c61fc /home/cmos/RV1126_RV1109_SDK/prebuilts/gcc/linux-x86/arm/gcc-arm-8.3-2019.03-x86_64-arm-linux-gnueabihf/bin/../arm-linux-gnueabihf/libc/usr/lib/crt1.o /home/cmos/RV1126_RV1109_SDK/prebuilts/gcc/linux-x86/arm/gcc-arm-8.3-2019.03-x86_64-arm-linux-gnueabihf/bin/../arm-linux-gnueabihf/libc/usr/lib/crti.o /home/cmos/RV1126_RV1109_SDK/prebuilts/gcc/linux-x86/arm/gcc-arm-8.3-2019.03-x86_64-arm-linux-gnueabihf/bin/../lib/gcc/arm-linux-gnueabihf/8.3.0/crtbegin.o -L/home/cmos/RV1126_RV1109_SDK/prebuilts/gcc/linux-x86/arm/gcc-arm-8.3-2019.03-x86_64-arm-linux-gnueabihf/bin/../lib/gcc/arm-linux-gnueabihf/8.3.0 -L/home/cmos/RV1126_RV1109_SDK/prebuilts/gcc/linux-x86/arm/gcc-arm-8.3-2019.03-x86_64-arm-linux-gnueabihf/bin/../lib/gcc -L/home/cmos/RV1126_RV1109_SDK/prebuilts/gcc/linux-x86/arm/gcc-arm-8.3-2019.03-x86_64-arm-linux-gnueabihf/bin/../lib/gcc/arm-linux-gnueabihf/8.3.0/../../../../arm-linux-gnueabihf/lib -L/home/cmos/RV1126_RV1109_SDK/prebuilts/gcc/linux-x86/arm/gcc-arm-8.3-2019.03-x86_64-arm-linux-gnueabihf/bin/../arm-linux-gnueabihf/libc/lib -L/home/cmos/RV1126_RV1109_SDK/prebuilts/gcc/linux-x86/arm/gcc-arm-8.3-2019.03-x86_64-arm-linux-gnueabihf/bin/../arm-linux-gnueabihf/libc/usr/lib CMakeFiles/cmTC_c61fc.dir/CMakeCCompilerABI.c.o -lgcc --as-needed -lgcc_s --no-as-needed -lc -lgcc --as-needed -lgcc_s --no-as-needed /home/cmos/RV1126_RV1109_SDK/prebuilts/gcc/linux-x86/arm/gcc-arm-8.3-2019.03-x86_64-arm-linux-gnueabihf/bin/../lib/gcc/arm-linux-gnueabihf/8.3.0/crtend.o /home/cmos/RV1126_RV1109_SDK/prebuilts/gcc/linux-x86/arm/gcc-arm-8.3-2019.03-x86_64-arm-linux-gnueabihf/bin/../arm-linux-gnueabihf/libc/usr/lib/crtn.o]
    arg [/home/cmos/RV1126_RV1109_SDK/prebuilts/gcc/linux-x86/arm/gcc-arm-8.3-2019.03-x86_64-arm-linux-gnueabihf/bin/../libexec/gcc/arm-linux-gnueabihf/8.3.0/collect2] ==> ignore
    arg [-plugin] ==> ignore
    arg [/home/cmos/RV1126_RV1109_SDK/prebuilts/gcc/linux-x86/arm/gcc-arm-8.3-2019.03-x86_64-arm-linux-gnueabihf/bin/../libexec/gcc/arm-linux-gnueabihf/8.3.0/liblto_plugin.so] ==> ignore
    arg [-plugin-opt=/home/cmos/RV1126_RV1109_SDK/prebuilts/gcc/linux-x86/arm/gcc-arm-8.3-2019.03-x86_64-arm-linux-gnueabihf/bin/../libexec/gcc/arm-linux-gnueabihf/8.3.0/lto-wrapper] ==> ignore
    arg [-plugin-opt=-fresolution=/tmp/ccydN7y4.res] ==> ignore
    arg [-plugin-opt=-pass-through=-lgcc] ==> ignore
    arg [-plugin-opt=-pass-through=-lgcc_s] ==> ignore
    arg [-plugin-opt=-pass-through=-lc] ==> ignore
    arg [-plugin-opt=-pass-through=-lgcc] ==> ignore
    arg [-plugin-opt=-pass-through=-lgcc_s] ==> ignore
    arg [--sysroot=/home/cmos/RV1126_RV1109_SDK/prebuilts/gcc/linux-x86/arm/gcc-arm-8.3-2019.03-x86_64-arm-linux-gnueabihf/bin/../arm-linux-gnueabihf/libc] ==> ignore
    arg [--eh-frame-hdr] ==> ignore
    arg [-dynamic-linker] ==> ignore
    arg [/lib/ld-linux-armhf.so.3] ==> ignore
    arg [-X] ==> ignore
    arg [-m] ==> ignore
    arg [armelf_linux_eabi] ==> ignore
    arg [-o] ==> ignore
    arg [cmTC_c61fc] ==> ignore
    arg [/home/cmos/RV1126_RV1109_SDK/prebuilts/gcc/linux-x86/arm/gcc-arm-8.3-2019.03-x86_64-arm-linux-gnueabihf/bin/../arm-linux-gnueabihf/libc/usr/lib/crt1.o] ==> ignore
    arg [/home/cmos/RV1126_RV1109_SDK/prebuilts/gcc/linux-x86/arm/gcc-arm-8.3-2019.03-x86_64-arm-linux-gnueabihf/bin/../arm-linux-gnueabihf/libc/usr/lib/crti.o] ==> ignore
    arg [/home/cmos/RV1126_RV1109_SDK/prebuilts/gcc/linux-x86/arm/gcc-arm-8.3-2019.03-x86_64-arm-linux-gnueabihf/bin/../lib/gcc/arm-linux-gnueabihf/8.3.0/crtbegin.o] ==> ignore
    arg [-L/home/cmos/RV1126_RV1109_SDK/prebuilts/gcc/linux-x86/arm/gcc-arm-8.3-2019.03-x86_64-arm-linux-gnueabihf/bin/../lib/gcc/arm-linux-gnueabihf/8.3.0] ==> dir [/home/cmos/RV1126_RV1109_SDK/prebuilts/gcc/linux-x86/arm/gcc-arm-8.3-2019.03-x86_64-arm-linux-gnueabihf/bin/../lib/gcc/arm-linux-gnueabihf/8.3.0]
    arg [-L/home/cmos/RV1126_RV1109_SDK/prebuilts/gcc/linux-x86/arm/gcc-arm-8.3-2019.03-x86_64-arm-linux-gnueabihf/bin/../lib/gcc] ==> dir [/home/cmos/RV1126_RV1109_SDK/prebuilts/gcc/linux-x86/arm/gcc-arm-8.3-2019.03-x86_64-arm-linux-gnueabihf/bin/../lib/gcc]
    arg [-L/home/cmos/RV1126_RV1109_SDK/prebuilts/gcc/linux-x86/arm/gcc-arm-8.3-2019.03-x86_64-arm-linux-gnueabihf/bin/../lib/gcc/arm-linux-gnueabihf/8.3.0/../../../../arm-linux-gnueabihf/lib] ==> dir [/home/cmos/RV1126_RV1109_SDK/prebuilts/gcc/linux-x86/arm/gcc-arm-8.3-2019.03-x86_64-arm-linux-gnueabihf/bin/../lib/gcc/arm-linux-gnueabihf/8.3.0/../../../../arm-linux-gnueabihf/lib]
    arg [-L/home/cmos/RV1126_RV1109_SDK/prebuilts/gcc/linux-x86/arm/gcc-arm-8.3-2019.03-x86_64-arm-linux-gnueabihf/bin/../arm-linux-gnueabihf/libc/lib] ==> dir [/home/cmos/RV1126_RV1109_SDK/prebuilts/gcc/linux-x86/arm/gcc-arm-8.3-2019.03-x86_64-arm-linux-gnueabihf/bin/../arm-linux-gnueabihf/libc/lib]
    arg [-L/home/cmos/RV1126_RV1109_SDK/prebuilts/gcc/linux-x86/arm/gcc-arm-8.3-2019.03-x86_64-arm-linux-gnueabihf/bin/../arm-linux-gnueabihf/libc/usr/lib] ==> dir [/home/cmos/RV1126_RV1109_SDK/prebuilts/gcc/linux-x86/arm/gcc-arm-8.3-2019.03-x86_64-arm-linux-gnueabihf/bin/../arm-linux-gnueabihf/libc/usr/lib]
    arg [CMakeFiles/cmTC_c61fc.dir/CMakeCCompilerABI.c.o] ==> ignore
    arg [-lgcc] ==> lib [gcc]
    arg [--as-needed] ==> ignore
    arg [-lgcc_s] ==> lib [gcc_s]
    arg [--no-as-needed] ==> ignore
    arg [-lc] ==> lib [c]
    arg [-lgcc] ==> lib [gcc]
    arg [--as-needed] ==> ignore
    arg [-lgcc_s] ==> lib [gcc_s]
    arg [--no-as-needed] ==> ignore
    arg [/home/cmos/RV1126_RV1109_SDK/prebuilts/gcc/linux-x86/arm/gcc-arm-8.3-2019.03-x86_64-arm-linux-gnueabihf/bin/../lib/gcc/arm-linux-gnueabihf/8.3.0/crtend.o] ==> ignore
    arg [/home/cmos/RV1126_RV1109_SDK/prebuilts/gcc/linux-x86/arm/gcc-arm-8.3-2019.03-x86_64-arm-linux-gnueabihf/bin/../arm-linux-gnueabihf/libc/usr/lib/crtn.o] ==> ignore
  collapse library dir [/home/cmos/RV1126_RV1109_SDK/prebuilts/gcc/linux-x86/arm/gcc-arm-8.3-2019.03-x86_64-arm-linux-gnueabihf/bin/../lib/gcc/arm-linux-gnueabihf/8.3.0] ==> [/home/cmos/RV1126_RV1109_SDK/prebuilts/gcc/linux-x86/arm/gcc-arm-8.3-2019.03-x86_64-arm-linux-gnueabihf/lib/gcc/arm-linux-gnueabihf/8.3.0]
  collapse library dir [/home/cmos/RV1126_RV1109_SDK/prebuilts/gcc/linux-x86/arm/gcc-arm-8.3-2019.03-x86_64-arm-linux-gnueabihf/bin/../lib/gcc] ==> [/home/cmos/RV1126_RV1109_SDK/prebuilts/gcc/linux-x86/arm/gcc-arm-8.3-2019.03-x86_64-arm-linux-gnueabihf/lib/gcc]
  collapse library dir [/home/cmos/RV1126_RV1109_SDK/prebuilts/gcc/linux-x86/arm/gcc-arm-8.3-2019.03-x86_64-arm-linux-gnueabihf/bin/../lib/gcc/arm-linux-gnueabihf/8.3.0/../../../../arm-linux-gnueabihf/lib] ==> [/home/cmos/RV1126_RV1109_SDK/prebuilts/gcc/linux-x86/arm/gcc-arm-8.3-2019.03-x86_64-arm-linux-gnueabihf/arm-linux-gnueabihf/lib]
  collapse library dir [/home/cmos/RV1126_RV1109_SDK/prebuilts/gcc/linux-x86/arm/gcc-arm-8.3-2019.03-x86_64-arm-linux-gnueabihf/bin/../arm-linux-gnueabihf/libc/lib] ==> [/home/cmos/RV1126_RV1109_SDK/prebuilts/gcc/linux-x86/arm/gcc-arm-8.3-2019.03-x86_64-arm-linux-gnueabihf/arm-linux-gnueabihf/libc/lib]
  collapse library dir [/home/cmos/RV1126_RV1109_SDK/prebuilts/gcc/linux-x86/arm/gcc-arm-8.3-2019.03-x86_64-arm-linux-gnueabihf/bin/../arm-linux-gnueabihf/libc/usr/lib] ==> [/home/cmos/RV1126_RV1109_SDK/prebuilts/gcc/linux-x86/arm/gcc-arm-8.3-2019.03-x86_64-arm-linux-gnueabihf/arm-linux-gnueabihf/libc/usr/lib]
  implicit libs: [gcc;gcc_s;c;gcc;gcc_s]
  implicit dirs: [/home/cmos/RV1126_RV1109_SDK/prebuilts/gcc/linux-x86/arm/gcc-arm-8.3-2019.03-x86_64-arm-linux-gnueabihf/lib/gcc/arm-linux-gnueabihf/8.3.0;/home/cmos/RV1126_RV1109_SDK/prebuilts/gcc/linux-x86/arm/gcc-arm-8.3-2019.03-x86_64-arm-linux-gnueabihf/lib/gcc;/home/cmos/RV1126_RV1109_SDK/prebuilts/gcc/linux-x86/arm/gcc-arm-8.3-2019.03-x86_64-arm-linux-gnueabihf/arm-linux-gnueabihf/lib;/home/cmos/RV1126_RV1109_SDK/prebuilts/gcc/linux-x86/arm/gcc-arm-8.3-2019.03-x86_64-arm-linux-gnueabihf/arm-linux-gnueabihf/libc/lib;/home/cmos/RV1126_RV1109_SDK/prebuilts/gcc/linux-x86/arm/gcc-arm-8.3-2019.03-x86_64-arm-linux-gnueabihf/arm-linux-gnueabihf/libc/usr/lib]
  implicit fwks: []




Detecting C [-std=c11] compiler features compiled with the following output:
Change Dir: /home/cmos/RV1126_RV1109_SDK/external/rknpu/rknn/rknn_api/examples/rknn_ssd_demo/build/CMakeFiles/CMakeTmp

Run Build Command:"/usr/bin/make" "cmTC_e4744/fast"
/usr/bin/make -f CMakeFiles/cmTC_e4744.dir/build.make CMakeFiles/cmTC_e4744.dir/build
make[1]: Entering directory '/home/cmos/RV1126_RV1109_SDK/external/rknpu/rknn/rknn_api/examples/rknn_ssd_demo/build/CMakeFiles/CMakeTmp'
Building C object CMakeFiles/cmTC_e4744.dir/feature_tests.c.o
/home/cmos/RV1126_RV1109_SDK/prebuilts/gcc/linux-x86/arm/gcc-arm-8.3-2019.03-x86_64-arm-linux-gnueabihf/bin/arm-linux-gnueabihf-gcc   -std=c11 -o CMakeFiles/cmTC_e4744.dir/feature_tests.c.o   -c /home/cmos/RV1126_RV1109_SDK/external/rknpu/rknn/rknn_api/examples/rknn_ssd_demo/build/CMakeFiles/feature_tests.c
Linking C executable cmTC_e4744
/usr/bin/cmake -E cmake_link_script CMakeFiles/cmTC_e4744.dir/link.txt --verbose=1
/home/cmos/RV1126_RV1109_SDK/prebuilts/gcc/linux-x86/arm/gcc-arm-8.3-2019.03-x86_64-arm-linux-gnueabihf/bin/arm-linux-gnueabihf-gcc      CMakeFiles/cmTC_e4744.dir/feature_tests.c.o  -o cmTC_e4744 
make[1]: Leaving directory '/home/cmos/RV1126_RV1109_SDK/external/rknpu/rknn/rknn_api/examples/rknn_ssd_demo/build/CMakeFiles/CMakeTmp'


    Feature record: C_FEATURE:1c_function_prototypes
    Feature record: C_FEATURE:1c_restrict
    Feature record: C_FEATURE:1c_static_assert
    Feature record: C_FEATURE:1c_variadic_macros


Detecting C [-std=c99] compiler features compiled with the following output:
Change Dir: /home/cmos/RV1126_RV1109_SDK/external/rknpu/rknn/rknn_api/examples/rknn_ssd_demo/build/CMakeFiles/CMakeTmp

Run Build Command:"/usr/bin/make" "cmTC_9b7fa/fast"
/usr/bin/make -f CMakeFiles/cmTC_9b7fa.dir/build.make CMakeFiles/cmTC_9b7fa.dir/build
make[1]: Entering directory '/home/cmos/RV1126_RV1109_SDK/external/rknpu/rknn/rknn_api/examples/rknn_ssd_demo/build/CMakeFiles/CMakeTmp'
Building C object CMakeFiles/cmTC_9b7fa.dir/feature_tests.c.o
/home/cmos/RV1126_RV1109_SDK/prebuilts/gcc/linux-x86/arm/gcc-arm-8.3-2019.03-x86_64-arm-linux-gnueabihf/bin/arm-linux-gnueabihf-gcc   -std=c99 -o CMakeFiles/cmTC_9b7fa.dir/feature_tests.c.o   -c /home/cmos/RV1126_RV1109_SDK/external/rknpu/rknn/rknn_api/examples/rknn_ssd_demo/build/CMakeFiles/feature_tests.c
Linking C executable cmTC_9b7fa
/usr/bin/cmake -E cmake_link_script CMakeFiles/cmTC_9b7fa.dir/link.txt --verbose=1
/home/cmos/RV1126_RV1109_SDK/prebuilts/gcc/linux-x86/arm/gcc-arm-8.3-2019.03-x86_64-arm-linux-gnueabihf/bin/arm-linux-gnueabihf-gcc      CMakeFiles/cmTC_9b7fa.dir/feature_tests.c.o  -o cmTC_9b7fa 
make[1]: Leaving directory '/home/cmos/RV1126_RV1109_SDK/external/rknpu/rknn/rknn_api/examples/rknn_ssd_demo/build/CMakeFiles/CMakeTmp'


    Feature record: C_FEATURE:1c_function_prototypes
    Feature record: C_FEATURE:1c_restrict
    Feature record: C_FEATURE:0c_static_assert
    Feature record: C_FEATURE:1c_variadic_macros


Detecting C [-std=c90] compiler features compiled with the following output:
Change Dir: /home/cmos/RV1126_RV1109_SDK/external/rknpu/rknn/rknn_api/examples/rknn_ssd_demo/build/CMakeFiles/CMakeTmp

Run Build Command:"/usr/bin/make" "cmTC_2e08a/fast"
/usr/bin/make -f CMakeFiles/cmTC_2e08a.dir/build.make CMakeFiles/cmTC_2e08a.dir/build
make[1]: Entering directory '/home/cmos/RV1126_RV1109_SDK/external/rknpu/rknn/rknn_api/examples/rknn_ssd_demo/build/CMakeFiles/CMakeTmp'
Building C object CMakeFiles/cmTC_2e08a.dir/feature_tests.c.o
/home/cmos/RV1126_RV1109_SDK/prebuilts/gcc/linux-x86/arm/gcc-arm-8.3-2019.03-x86_64-arm-linux-gnueabihf/bin/arm-linux-gnueabihf-gcc   -std=c90 -o CMakeFiles/cmTC_2e08a.dir/feature_tests.c.o   -c /home/cmos/RV1126_RV1109_SDK/external/rknpu/rknn/rknn_api/examples/rknn_ssd_demo/build/CMakeFiles/feature_tests.c
Linking C executable cmTC_2e08a
/usr/bin/cmake -E cmake_link_script CMakeFiles/cmTC_2e08a.dir/link.txt --verbose=1
/home/cmos/RV1126_RV1109_SDK/prebuilts/gcc/linux-x86/arm/gcc-arm-8.3-2019.03-x86_64-arm-linux-gnueabihf/bin/arm-linux-gnueabihf-gcc      CMakeFiles/cmTC_2e08a.dir/feature_tests.c.o  -o cmTC_2e08a 
make[1]: Leaving directory '/home/cmos/RV1126_RV1109_SDK/external/rknpu/rknn/rknn_api/examples/rknn_ssd_demo/build/CMakeFiles/CMakeTmp'


    Feature record: C_FEATURE:1c_function_prototypes
    Feature record: C_FEATURE:0c_restrict
    Feature record: C_FEATURE:0c_static_assert
    Feature record: C_FEATURE:0c_variadic_macros
Determining if the CXX compiler works passed with the following output:
Change Dir: /home/cmos/RV1126_RV1109_SDK/external/rknpu/rknn/rknn_api/examples/rknn_ssd_demo/build/CMakeFiles/CMakeTmp

Run Build Command:"/usr/bin/make" "cmTC_30d91/fast"
/usr/bin/make -f CMakeFiles/cmTC_30d91.dir/build.make CMakeFiles/cmTC_30d91.dir/build
make[1]: Entering directory '/home/cmos/RV1126_RV1109_SDK/external/rknpu/rknn/rknn_api/examples/rknn_ssd_demo/build/CMakeFiles/CMakeTmp'
Building CXX object CMakeFiles/cmTC_30d91.dir/testCXXCompiler.cxx.o
/home/cmos/RV1126_RV1109_SDK/prebuilts/gcc/linux-x86/arm/gcc-arm-8.3-2019.03-x86_64-arm-linux-gnueabihf/bin/arm-linux-gnueabihf-g++     -o CMakeFiles/cmTC_30d91.dir/testCXXCompiler.cxx.o -c /home/cmos/RV1126_RV1109_SDK/external/rknpu/rknn/rknn_api/examples/rknn_ssd_demo/build/CMakeFiles/CMakeTmp/testCXXCompiler.cxx
Linking CXX executable cmTC_30d91
/usr/bin/cmake -E cmake_link_script CMakeFiles/cmTC_30d91.dir/link.txt --verbose=1
/home/cmos/RV1126_RV1109_SDK/prebuilts/gcc/linux-x86/arm/gcc-arm-8.3-2019.03-x86_64-arm-linux-gnueabihf/bin/arm-linux-gnueabihf-g++       CMakeFiles/cmTC_30d91.dir/testCXXCompiler.cxx.o  -o cmTC_30d91 
make[1]: Leaving directory '/home/cmos/RV1126_RV1109_SDK/external/rknpu/rknn/rknn_api/examples/rknn_ssd_demo/build/CMakeFiles/CMakeTmp'


Detecting CXX compiler ABI info compiled with the following output:
Change Dir: /home/cmos/RV1126_RV1109_SDK/external/rknpu/rknn/rknn_api/examples/rknn_ssd_demo/build/CMakeFiles/CMakeTmp

Run Build Command:"/usr/bin/make" "cmTC_66c2d/fast"
/usr/bin/make -f CMakeFiles/cmTC_66c2d.dir/build.make CMakeFiles/cmTC_66c2d.dir/build
make[1]: Entering directory '/home/cmos/RV1126_RV1109_SDK/external/rknpu/rknn/rknn_api/examples/rknn_ssd_demo/build/CMakeFiles/CMakeTmp'
Building CXX object CMakeFiles/cmTC_66c2d.dir/CMakeCXXCompilerABI.cpp.o
/home/cmos/RV1126_RV1109_SDK/prebuilts/gcc/linux-x86/arm/gcc-arm-8.3-2019.03-x86_64-arm-linux-gnueabihf/bin/arm-linux-gnueabihf-g++     -o CMakeFiles/cmTC_66c2d.dir/CMakeCXXCompilerABI.cpp.o -c /usr/share/cmake-3.10/Modules/CMakeCXXCompilerABI.cpp
Linking CXX executable cmTC_66c2d
/usr/bin/cmake -E cmake_link_script CMakeFiles/cmTC_66c2d.dir/link.txt --verbose=1
/home/cmos/RV1126_RV1109_SDK/prebuilts/gcc/linux-x86/arm/gcc-arm-8.3-2019.03-x86_64-arm-linux-gnueabihf/bin/arm-linux-gnueabihf-g++      -v CMakeFiles/cmTC_66c2d.dir/CMakeCXXCompilerABI.cpp.o  -o cmTC_66c2d 
Using built-in specs.
COLLECT_GCC=/home/cmos/RV1126_RV1109_SDK/prebuilts/gcc/linux-x86/arm/gcc-arm-8.3-2019.03-x86_64-arm-linux-gnueabihf/bin/arm-linux-gnueabihf-g++
COLLECT_LTO_WRAPPER=/home/cmos/RV1126_RV1109_SDK/prebuilts/gcc/linux-x86/arm/gcc-arm-8.3-2019.03-x86_64-arm-linux-gnueabihf/bin/../libexec/gcc/arm-linux-gnueabihf/8.3.0/lto-wrapper
Target: arm-linux-gnueabihf
Configured with: /tmp/dgboter/bbs/rhev-vm8--rhe6x86_64/buildbot/rhe6x86_64--arm-linux-gnueabihf/build/src/gcc/configure --target=arm-linux-gnueabihf --prefix= --with-sysroot=/arm-linux-gnueabihf/libc --with-build-sysroot=/tmp/dgboter/bbs/rhev-vm8--rhe6x86_64/buildbot/rhe6x86_64--arm-linux-gnueabihf/build/build-arm-linux-gnueabihf/install//arm-linux-gnueabihf/libc --with-bugurl=https://bugs.linaro.org/ --enable-gnu-indirect-function --enable-shared --disable-libssp --disable-libmudflap --enable-checking=release --enable-languages=c,c++,fortran --with-gmp=/tmp/dgboter/bbs/rhev-vm8--rhe6x86_64/buildbot/rhe6x86_64--arm-linux-gnueabihf/build/build-arm-linux-gnueabihf/host-tools --with-mpfr=/tmp/dgboter/bbs/rhev-vm8--rhe6x86_64/buildbot/rhe6x86_64--arm-linux-gnueabihf/build/build-arm-linux-gnueabihf/host-tools --with-mpc=/tmp/dgboter/bbs/rhev-vm8--rhe6x86_64/buildbot/rhe6x86_64--arm-linux-gnueabihf/build/build-arm-linux-gnueabihf/host-tools --with-isl=/tmp/dgboter/bbs/rhev-vm8--rhe6x86_64/buildbot/rhe6x86_64--arm-linux-gnueabihf/build/build-arm-linux-gnueabihf/host-tools --with-arch=armv7-a --with-fpu=neon --with-float=hard --with-arch=armv7-a --with-pkgversion='GNU Toolchain for the A-profile Architecture 8.3-2019.03 (arm-rel-8.36)'
Thread model: posix
gcc version 8.3.0 (GNU Toolchain for the A-profile Architecture 8.3-2019.03 (arm-rel-8.36)) 
COMPILER_PATH=/home/cmos/RV1126_RV1109_SDK/prebuilts/gcc/linux-x86/arm/gcc-arm-8.3-2019.03-x86_64-arm-linux-gnueabihf/bin/../libexec/gcc/arm-linux-gnueabihf/8.3.0/:/home/cmos/RV1126_RV1109_SDK/prebuilts/gcc/linux-x86/arm/gcc-arm-8.3-2019.03-x86_64-arm-linux-gnueabihf/bin/../libexec/gcc/:/home/cmos/RV1126_RV1109_SDK/prebuilts/gcc/linux-x86/arm/gcc-arm-8.3-2019.03-x86_64-arm-linux-gnueabihf/bin/../lib/gcc/arm-linux-gnueabihf/8.3.0/../../../../arm-linux-gnueabihf/bin/
LIBRARY_PATH=/home/cmos/RV1126_RV1109_SDK/prebuilts/gcc/linux-x86/arm/gcc-arm-8.3-2019.03-x86_64-arm-linux-gnueabihf/bin/../lib/gcc/arm-linux-gnueabihf/8.3.0/:/home/cmos/RV1126_RV1109_SDK/prebuilts/gcc/linux-x86/arm/gcc-arm-8.3-2019.03-x86_64-arm-linux-gnueabihf/bin/../lib/gcc/:/home/cmos/RV1126_RV1109_SDK/prebuilts/gcc/linux-x86/arm/gcc-arm-8.3-2019.03-x86_64-arm-linux-gnueabihf/bin/../lib/gcc/arm-linux-gnueabihf/8.3.0/../../../../arm-linux-gnueabihf/lib/:/home/cmos/RV1126_RV1109_SDK/prebuilts/gcc/linux-x86/arm/gcc-arm-8.3-2019.03-x86_64-arm-linux-gnueabihf/bin/../arm-linux-gnueabihf/libc/lib/:/home/cmos/RV1126_RV1109_SDK/prebuilts/gcc/linux-x86/arm/gcc-arm-8.3-2019.03-x86_64-arm-linux-gnueabihf/bin/../arm-linux-gnueabihf/libc/usr/lib/
COLLECT_GCC_OPTIONS='-v' '-o' 'cmTC_66c2d' '-shared-libgcc'  '-mfloat-abi=hard' '-mfpu=neon' '-mtls-dialect=gnu' '-marm' '-march=armv7-a+simd'
 /home/cmos/RV1126_RV1109_SDK/prebuilts/gcc/linux-x86/arm/gcc-arm-8.3-2019.03-x86_64-arm-linux-gnueabihf/bin/../libexec/gcc/arm-linux-gnueabihf/8.3.0/collect2 -plugin /home/cmos/RV1126_RV1109_SDK/prebuilts/gcc/linux-x86/arm/gcc-arm-8.3-2019.03-x86_64-arm-linux-gnueabihf/bin/../libexec/gcc/arm-linux-gnueabihf/8.3.0/liblto_plugin.so -plugin-opt=/home/cmos/RV1126_RV1109_SDK/prebuilts/gcc/linux-x86/arm/gcc-arm-8.3-2019.03-x86_64-arm-linux-gnueabihf/bin/../libexec/gcc/arm-linux-gnueabihf/8.3.0/lto-wrapper -plugin-opt=-fresolution=/tmp/ccA6YJdm.res -plugin-opt=-pass-through=-lgcc_s -plugin-opt=-pass-through=-lgcc -plugin-opt=-pass-through=-lc -plugin-opt=-pass-through=-lgcc_s -plugin-opt=-pass-through=-lgcc --sysroot=/home/cmos/RV1126_RV1109_SDK/prebuilts/gcc/linux-x86/arm/gcc-arm-8.3-2019.03-x86_64-arm-linux-gnueabihf/bin/../arm-linux-gnueabihf/libc --eh-frame-hdr -dynamic-linker /lib/ld-linux-armhf.so.3 -X -m armelf_linux_eabi -o cmTC_66c2d /home/cmos/RV1126_RV1109_SDK/prebuilts/gcc/linux-x86/arm/gcc-arm-8.3-2019.03-x86_64-arm-linux-gnueabihf/bin/../arm-linux-gnueabihf/libc/usr/lib/crt1.o /home/cmos/RV1126_RV1109_SDK/prebuilts/gcc/linux-x86/arm/gcc-arm-8.3-2019.03-x86_64-arm-linux-gnueabihf/bin/../arm-linux-gnueabihf/libc/usr/lib/crti.o /home/cmos/RV1126_RV1109_SDK/prebuilts/gcc/linux-x86/arm/gcc-arm-8.3-2019.03-x86_64-arm-linux-gnueabihf/bin/../lib/gcc/arm-linux-gnueabihf/8.3.0/crtbegin.o -L/home/cmos/RV1126_RV1109_SDK/prebuilts/gcc/linux-x86/arm/gcc-arm-8.3-2019.03-x86_64-arm-linux-gnueabihf/bin/../lib/gcc/arm-linux-gnueabihf/8.3.0 -L/home/cmos/RV1126_RV1109_SDK/prebuilts/gcc/linux-x86/arm/gcc-arm-8.3-2019.03-x86_64-arm-linux-gnueabihf/bin/../lib/gcc -L/home/cmos/RV1126_RV1109_SDK/prebuilts/gcc/linux-x86/arm/gcc-arm-8.3-2019.03-x86_64-arm-linux-gnueabihf/bin/../lib/gcc/arm-linux-gnueabihf/8.3.0/../../../../arm-linux-gnueabihf/lib -L/home/cmos/RV1126_RV1109_SDK/prebuilts/gcc/linux-x86/arm/gcc-arm-8.3-2019.03-x86_64-arm-linux-gnueabihf/bin/../arm-linux-gnueabihf/libc/lib -L/home/cmos/RV1126_RV1109_SDK/prebuilts/gcc/linux-x86/arm/gcc-arm-8.3-2019.03-x86_64-arm-linux-gnueabihf/bin/../arm-linux-gnueabihf/libc/usr/lib CMakeFiles/cmTC_66c2d.dir/CMakeCXXCompilerABI.cpp.o -lstdc++ -lm -lgcc_s -lgcc -lc -lgcc_s -lgcc /home/cmos/RV1126_RV1109_SDK/prebuilts/gcc/linux-x86/arm/gcc-arm-8.3-2019.03-x86_64-arm-linux-gnueabihf/bin/../lib/gcc/arm-linux-gnueabihf/8.3.0/crtend.o /home/cmos/RV1126_RV1109_SDK/prebuilts/gcc/linux-x86/arm/gcc-arm-8.3-2019.03-x86_64-arm-linux-gnueabihf/bin/../arm-linux-gnueabihf/libc/usr/lib/crtn.o
COLLECT_GCC_OPTIONS='-v' '-o' 'cmTC_66c2d' '-shared-libgcc'  '-mfloat-abi=hard' '-mfpu=neon' '-mtls-dialect=gnu' '-marm' '-march=armv7-a+simd'
make[1]: Leaving directory '/home/cmos/RV1126_RV1109_SDK/external/rknpu/rknn/rknn_api/examples/rknn_ssd_demo/build/CMakeFiles/CMakeTmp'


Parsed CXX implicit link information from above output:
  link line regex: [^( *|.*[/\])(ld|CMAKE_LINK_STARTFILE-NOTFOUND|([^/\]+-)?ld|collect2)[^/\]*( |$)]
  ignore line: [Change Dir: /home/cmos/RV1126_RV1109_SDK/external/rknpu/rknn/rknn_api/examples/rknn_ssd_demo/build/CMakeFiles/CMakeTmp]
  ignore line: []
  ignore line: [Run Build Command:"/usr/bin/make" "cmTC_66c2d/fast"]
  ignore line: [/usr/bin/make -f CMakeFiles/cmTC_66c2d.dir/build.make CMakeFiles/cmTC_66c2d.dir/build]
  ignore line: [make[1]: Entering directory '/home/cmos/RV1126_RV1109_SDK/external/rknpu/rknn/rknn_api/examples/rknn_ssd_demo/build/CMakeFiles/CMakeTmp']
  ignore line: [Building CXX object CMakeFiles/cmTC_66c2d.dir/CMakeCXXCompilerABI.cpp.o]
  ignore line: [/home/cmos/RV1126_RV1109_SDK/prebuilts/gcc/linux-x86/arm/gcc-arm-8.3-2019.03-x86_64-arm-linux-gnueabihf/bin/arm-linux-gnueabihf-g++     -o CMakeFiles/cmTC_66c2d.dir/CMakeCXXCompilerABI.cpp.o -c /usr/share/cmake-3.10/Modules/CMakeCXXCompilerABI.cpp]
  ignore line: [Linking CXX executable cmTC_66c2d]
  ignore line: [/usr/bin/cmake -E cmake_link_script CMakeFiles/cmTC_66c2d.dir/link.txt --verbose=1]
  ignore line: [/home/cmos/RV1126_RV1109_SDK/prebuilts/gcc/linux-x86/arm/gcc-arm-8.3-2019.03-x86_64-arm-linux-gnueabihf/bin/arm-linux-gnueabihf-g++      -v CMakeFiles/cmTC_66c2d.dir/CMakeCXXCompilerABI.cpp.o  -o cmTC_66c2d ]
  ignore line: [Using built-in specs.]
  ignore line: [COLLECT_GCC=/home/cmos/RV1126_RV1109_SDK/prebuilts/gcc/linux-x86/arm/gcc-arm-8.3-2019.03-x86_64-arm-linux-gnueabihf/bin/arm-linux-gnueabihf-g++]
  ignore line: [COLLECT_LTO_WRAPPER=/home/cmos/RV1126_RV1109_SDK/prebuilts/gcc/linux-x86/arm/gcc-arm-8.3-2019.03-x86_64-arm-linux-gnueabihf/bin/../libexec/gcc/arm-linux-gnueabihf/8.3.0/lto-wrapper]
  ignore line: [Target: arm-linux-gnueabihf]
  ignore line: [Configured with: /tmp/dgboter/bbs/rhev-vm8--rhe6x86_64/buildbot/rhe6x86_64--arm-linux-gnueabihf/build/src/gcc/configure --target=arm-linux-gnueabihf --prefix= --with-sysroot=/arm-linux-gnueabihf/libc --with-build-sysroot=/tmp/dgboter/bbs/rhev-vm8--rhe6x86_64/buildbot/rhe6x86_64--arm-linux-gnueabihf/build/build-arm-linux-gnueabihf/install//arm-linux-gnueabihf/libc --with-bugurl=https://bugs.linaro.org/ --enable-gnu-indirect-function --enable-shared --disable-libssp --disable-libmudflap --enable-checking=release --enable-languages=c,c++,fortran --with-gmp=/tmp/dgboter/bbs/rhev-vm8--rhe6x86_64/buildbot/rhe6x86_64--arm-linux-gnueabihf/build/build-arm-linux-gnueabihf/host-tools --with-mpfr=/tmp/dgboter/bbs/rhev-vm8--rhe6x86_64/buildbot/rhe6x86_64--arm-linux-gnueabihf/build/build-arm-linux-gnueabihf/host-tools --with-mpc=/tmp/dgboter/bbs/rhev-vm8--rhe6x86_64/buildbot/rhe6x86_64--arm-linux-gnueabihf/build/build-arm-linux-gnueabihf/host-tools --with-isl=/tmp/dgboter/bbs/rhev-vm8--rhe6x86_64/buildbot/rhe6x86_64--arm-linux-gnueabihf/build/build-arm-linux-gnueabihf/host-tools --with-arch=armv7-a --with-fpu=neon --with-float=hard --with-arch=armv7-a --with-pkgversion='GNU Toolchain for the A-profile Architecture 8.3-2019.03 (arm-rel-8.36)']
  ignore line: [Thread model: posix]
  ignore line: [gcc version 8.3.0 (GNU Toolchain for the A-profile Architecture 8.3-2019.03 (arm-rel-8.36)) ]
  ignore line: [COMPILER_PATH=/home/cmos/RV1126_RV1109_SDK/prebuilts/gcc/linux-x86/arm/gcc-arm-8.3-2019.03-x86_64-arm-linux-gnueabihf/bin/../libexec/gcc/arm-linux-gnueabihf/8.3.0/:/home/cmos/RV1126_RV1109_SDK/prebuilts/gcc/linux-x86/arm/gcc-arm-8.3-2019.03-x86_64-arm-linux-gnueabihf/bin/../libexec/gcc/:/home/cmos/RV1126_RV1109_SDK/prebuilts/gcc/linux-x86/arm/gcc-arm-8.3-2019.03-x86_64-arm-linux-gnueabihf/bin/../lib/gcc/arm-linux-gnueabihf/8.3.0/../../../../arm-linux-gnueabihf/bin/]
  ignore line: [LIBRARY_PATH=/home/cmos/RV1126_RV1109_SDK/prebuilts/gcc/linux-x86/arm/gcc-arm-8.3-2019.03-x86_64-arm-linux-gnueabihf/bin/../lib/gcc/arm-linux-gnueabihf/8.3.0/:/home/cmos/RV1126_RV1109_SDK/prebuilts/gcc/linux-x86/arm/gcc-arm-8.3-2019.03-x86_64-arm-linux-gnueabihf/bin/../lib/gcc/:/home/cmos/RV1126_RV1109_SDK/prebuilts/gcc/linux-x86/arm/gcc-arm-8.3-2019.03-x86_64-arm-linux-gnueabihf/bin/../lib/gcc/arm-linux-gnueabihf/8.3.0/../../../../arm-linux-gnueabihf/lib/:/home/cmos/RV1126_RV1109_SDK/prebuilts/gcc/linux-x86/arm/gcc-arm-8.3-2019.03-x86_64-arm-linux-gnueabihf/bin/../arm-linux-gnueabihf/libc/lib/:/home/cmos/RV1126_RV1109_SDK/prebuilts/gcc/linux-x86/arm/gcc-arm-8.3-2019.03-x86_64-arm-linux-gnueabihf/bin/../arm-linux-gnueabihf/libc/usr/lib/]
  ignore line: [COLLECT_GCC_OPTIONS='-v' '-o' 'cmTC_66c2d' '-shared-libgcc'  '-mfloat-abi=hard' '-mfpu=neon' '-mtls-dialect=gnu' '-marm' '-march=armv7-a+simd']
  link line: [ /home/cmos/RV1126_RV1109_SDK/prebuilts/gcc/linux-x86/arm/gcc-arm-8.3-2019.03-x86_64-arm-linux-gnueabihf/bin/../libexec/gcc/arm-linux-gnueabihf/8.3.0/collect2 -plugin /home/cmos/RV1126_RV1109_SDK/prebuilts/gcc/linux-x86/arm/gcc-arm-8.3-2019.03-x86_64-arm-linux-gnueabihf/bin/../libexec/gcc/arm-linux-gnueabihf/8.3.0/liblto_plugin.so -plugin-opt=/home/cmos/RV1126_RV1109_SDK/prebuilts/gcc/linux-x86/arm/gcc-arm-8.3-2019.03-x86_64-arm-linux-gnueabihf/bin/../libexec/gcc/arm-linux-gnueabihf/8.3.0/lto-wrapper -plugin-opt=-fresolution=/tmp/ccA6YJdm.res -plugin-opt=-pass-through=-lgcc_s -plugin-opt=-pass-through=-lgcc -plugin-opt=-pass-through=-lc -plugin-opt=-pass-through=-lgcc_s -plugin-opt=-pass-through=-lgcc --sysroot=/home/cmos/RV1126_RV1109_SDK/prebuilts/gcc/linux-x86/arm/gcc-arm-8.3-2019.03-x86_64-arm-linux-gnueabihf/bin/../arm-linux-gnueabihf/libc --eh-frame-hdr -dynamic-linker /lib/ld-linux-armhf.so.3 -X -m armelf_linux_eabi -o cmTC_66c2d /home/cmos/RV1126_RV1109_SDK/prebuilts/gcc/linux-x86/arm/gcc-arm-8.3-2019.03-x86_64-arm-linux-gnueabihf/bin/../arm-linux-gnueabihf/libc/usr/lib/crt1.o /home/cmos/RV1126_RV1109_SDK/prebuilts/gcc/linux-x86/arm/gcc-arm-8.3-2019.03-x86_64-arm-linux-gnueabihf/bin/../arm-linux-gnueabihf/libc/usr/lib/crti.o /home/cmos/RV1126_RV1109_SDK/prebuilts/gcc/linux-x86/arm/gcc-arm-8.3-2019.03-x86_64-arm-linux-gnueabihf/bin/../lib/gcc/arm-linux-gnueabihf/8.3.0/crtbegin.o -L/home/cmos/RV1126_RV1109_SDK/prebuilts/gcc/linux-x86/arm/gcc-arm-8.3-2019.03-x86_64-arm-linux-gnueabihf/bin/../lib/gcc/arm-linux-gnueabihf/8.3.0 -L/home/cmos/RV1126_RV1109_SDK/prebuilts/gcc/linux-x86/arm/gcc-arm-8.3-2019.03-x86_64-arm-linux-gnueabihf/bin/../lib/gcc -L/home/cmos/RV1126_RV1109_SDK/prebuilts/gcc/linux-x86/arm/gcc-arm-8.3-2019.03-x86_64-arm-linux-gnueabihf/bin/../lib/gcc/arm-linux-gnueabihf/8.3.0/../../../../arm-linux-gnueabihf/lib -L/home/cmos/RV1126_RV1109_SDK/prebuilts/gcc/linux-x86/arm/gcc-arm-8.3-2019.03-x86_64-arm-linux-gnueabihf/bin/../arm-linux-gnueabihf/libc/lib -L/home/cmos/RV1126_RV1109_SDK/prebuilts/gcc/linux-x86/arm/gcc-arm-8.3-2019.03-x86_64-arm-linux-gnueabihf/bin/../arm-linux-gnueabihf/libc/usr/lib CMakeFiles/cmTC_66c2d.dir/CMakeCXXCompilerABI.cpp.o -lstdc++ -lm -lgcc_s -lgcc -lc -lgcc_s -lgcc /home/cmos/RV1126_RV1109_SDK/prebuilts/gcc/linux-x86/arm/gcc-arm-8.3-2019.03-x86_64-arm-linux-gnueabihf/bin/../lib/gcc/arm-linux-gnueabihf/8.3.0/crtend.o /home/cmos/RV1126_RV1109_SDK/prebuilts/gcc/linux-x86/arm/gcc-arm-8.3-2019.03-x86_64-arm-linux-gnueabihf/bin/../arm-linux-gnueabihf/libc/usr/lib/crtn.o]
    arg [/home/cmos/RV1126_RV1109_SDK/prebuilts/gcc/linux-x86/arm/gcc-arm-8.3-2019.03-x86_64-arm-linux-gnueabihf/bin/../libexec/gcc/arm-linux-gnueabihf/8.3.0/collect2] ==> ignore
    arg [-plugin] ==> ignore
    arg [/home/cmos/RV1126_RV1109_SDK/prebuilts/gcc/linux-x86/arm/gcc-arm-8.3-2019.03-x86_64-arm-linux-gnueabihf/bin/../libexec/gcc/arm-linux-gnueabihf/8.3.0/liblto_plugin.so] ==> ignore
    arg [-plugin-opt=/home/cmos/RV1126_RV1109_SDK/prebuilts/gcc/linux-x86/arm/gcc-arm-8.3-2019.03-x86_64-arm-linux-gnueabihf/bin/../libexec/gcc/arm-linux-gnueabihf/8.3.0/lto-wrapper] ==> ignore
    arg [-plugin-opt=-fresolution=/tmp/ccA6YJdm.res] ==> ignore
    arg [-plugin-opt=-pass-through=-lgcc_s] ==> ignore
    arg [-plugin-opt=-pass-through=-lgcc] ==> ignore
    arg [-plugin-opt=-pass-through=-lc] ==> ignore
    arg [-plugin-opt=-pass-through=-lgcc_s] ==> ignore
    arg [-plugin-opt=-pass-through=-lgcc] ==> ignore
    arg [--sysroot=/home/cmos/RV1126_RV1109_SDK/prebuilts/gcc/linux-x86/arm/gcc-arm-8.3-2019.03-x86_64-arm-linux-gnueabihf/bin/../arm-linux-gnueabihf/libc] ==> ignore
    arg [--eh-frame-hdr] ==> ignore
    arg [-dynamic-linker] ==> ignore
    arg [/lib/ld-linux-armhf.so.3] ==> ignore
    arg [-X] ==> ignore
    arg [-m] ==> ignore
    arg [armelf_linux_eabi] ==> ignore
    arg [-o] ==> ignore
    arg [cmTC_66c2d] ==> ignore
    arg [/home/cmos/RV1126_RV1109_SDK/prebuilts/gcc/linux-x86/arm/gcc-arm-8.3-2019.03-x86_64-arm-linux-gnueabihf/bin/../arm-linux-gnueabihf/libc/usr/lib/crt1.o] ==> ignore
    arg [/home/cmos/RV1126_RV1109_SDK/prebuilts/gcc/linux-x86/arm/gcc-arm-8.3-2019.03-x86_64-arm-linux-gnueabihf/bin/../arm-linux-gnueabihf/libc/usr/lib/crti.o] ==> ignore
    arg [/home/cmos/RV1126_RV1109_SDK/prebuilts/gcc/linux-x86/arm/gcc-arm-8.3-2019.03-x86_64-arm-linux-gnueabihf/bin/../lib/gcc/arm-linux-gnueabihf/8.3.0/crtbegin.o] ==> ignore
    arg [-L/home/cmos/RV1126_RV1109_SDK/prebuilts/gcc/linux-x86/arm/gcc-arm-8.3-2019.03-x86_64-arm-linux-gnueabihf/bin/../lib/gcc/arm-linux-gnueabihf/8.3.0] ==> dir [/home/cmos/RV1126_RV1109_SDK/prebuilts/gcc/linux-x86/arm/gcc-arm-8.3-2019.03-x86_64-arm-linux-gnueabihf/bin/../lib/gcc/arm-linux-gnueabihf/8.3.0]
    arg [-L/home/cmos/RV1126_RV1109_SDK/prebuilts/gcc/linux-x86/arm/gcc-arm-8.3-2019.03-x86_64-arm-linux-gnueabihf/bin/../lib/gcc] ==> dir [/home/cmos/RV1126_RV1109_SDK/prebuilts/gcc/linux-x86/arm/gcc-arm-8.3-2019.03-x86_64-arm-linux-gnueabihf/bin/../lib/gcc]
    arg [-L/home/cmos/RV1126_RV1109_SDK/prebuilts/gcc/linux-x86/arm/gcc-arm-8.3-2019.03-x86_64-arm-linux-gnueabihf/bin/../lib/gcc/arm-linux-gnueabihf/8.3.0/../../../../arm-linux-gnueabihf/lib] ==> dir [/home/cmos/RV1126_RV1109_SDK/prebuilts/gcc/linux-x86/arm/gcc-arm-8.3-2019.03-x86_64-arm-linux-gnueabihf/bin/../lib/gcc/arm-linux-gnueabihf/8.3.0/../../../../arm-linux-gnueabihf/lib]
    arg [-L/home/cmos/RV1126_RV1109_SDK/prebuilts/gcc/linux-x86/arm/gcc-arm-8.3-2019.03-x86_64-arm-linux-gnueabihf/bin/../arm-linux-gnueabihf/libc/lib] ==> dir [/home/cmos/RV1126_RV1109_SDK/prebuilts/gcc/linux-x86/arm/gcc-arm-8.3-2019.03-x86_64-arm-linux-gnueabihf/bin/../arm-linux-gnueabihf/libc/lib]
    arg [-L/home/cmos/RV1126_RV1109_SDK/prebuilts/gcc/linux-x86/arm/gcc-arm-8.3-2019.03-x86_64-arm-linux-gnueabihf/bin/../arm-linux-gnueabihf/libc/usr/lib] ==> dir [/home/cmos/RV1126_RV1109_SDK/prebuilts/gcc/linux-x86/arm/gcc-arm-8.3-2019.03-x86_64-arm-linux-gnueabihf/bin/../arm-linux-gnueabihf/libc/usr/lib]
    arg [CMakeFiles/cmTC_66c2d.dir/CMakeCXXCompilerABI.cpp.o] ==> ignore
    arg [-lstdc++] ==> lib [stdc++]
    arg [-lm] ==> lib [m]
    arg [-lgcc_s] ==> lib [gcc_s]
    arg [-lgcc] ==> lib [gcc]
    arg [-lc] ==> lib [c]
    arg [-lgcc_s] ==> lib [gcc_s]
    arg [-lgcc] ==> lib [gcc]
    arg [/home/cmos/RV1126_RV1109_SDK/prebuilts/gcc/linux-x86/arm/gcc-arm-8.3-2019.03-x86_64-arm-linux-gnueabihf/bin/../lib/gcc/arm-linux-gnueabihf/8.3.0/crtend.o] ==> ignore
    arg [/home/cmos/RV1126_RV1109_SDK/prebuilts/gcc/linux-x86/arm/gcc-arm-8.3-2019.03-x86_64-arm-linux-gnueabihf/bin/../arm-linux-gnueabihf/libc/usr/lib/crtn.o] ==> ignore
  collapse library dir [/home/cmos/RV1126_RV1109_SDK/prebuilts/gcc/linux-x86/arm/gcc-arm-8.3-2019.03-x86_64-arm-linux-gnueabihf/bin/../lib/gcc/arm-linux-gnueabihf/8.3.0] ==> [/home/cmos/RV1126_RV1109_SDK/prebuilts/gcc/linux-x86/arm/gcc-arm-8.3-2019.03-x86_64-arm-linux-gnueabihf/lib/gcc/arm-linux-gnueabihf/8.3.0]
  collapse library dir [/home/cmos/RV1126_RV1109_SDK/prebuilts/gcc/linux-x86/arm/gcc-arm-8.3-2019.03-x86_64-arm-linux-gnueabihf/bin/../lib/gcc] ==> [/home/cmos/RV1126_RV1109_SDK/prebuilts/gcc/linux-x86/arm/gcc-arm-8.3-2019.03-x86_64-arm-linux-gnueabihf/lib/gcc]
  collapse library dir [/home/cmos/RV1126_RV1109_SDK/prebuilts/gcc/linux-x86/arm/gcc-arm-8.3-2019.03-x86_64-arm-linux-gnueabihf/bin/../lib/gcc/arm-linux-gnueabihf/8.3.0/../../../../arm-linux-gnueabihf/lib] ==> [/home/cmos/RV1126_RV1109_SDK/prebuilts/gcc/linux-x86/arm/gcc-arm-8.3-2019.03-x86_64-arm-linux-gnueabihf/arm-linux-gnueabihf/lib]
  collapse library dir [/home/cmos/RV1126_RV1109_SDK/prebuilts/gcc/linux-x86/arm/gcc-arm-8.3-2019.03-x86_64-arm-linux-gnueabihf/bin/../arm-linux-gnueabihf/libc/lib] ==> [/home/cmos/RV1126_RV1109_SDK/prebuilts/gcc/linux-x86/arm/gcc-arm-8.3-2019.03-x86_64-arm-linux-gnueabihf/arm-linux-gnueabihf/libc/lib]
  collapse library dir [/home/cmos/RV1126_RV1109_SDK/prebuilts/gcc/linux-x86/arm/gcc-arm-8.3-2019.03-x86_64-arm-linux-gnueabihf/bin/../arm-linux-gnueabihf/libc/usr/lib] ==> [/home/cmos/RV1126_RV1109_SDK/prebuilts/gcc/linux-x86/arm/gcc-arm-8.3-2019.03-x86_64-arm-linux-gnueabihf/arm-linux-gnueabihf/libc/usr/lib]
  implicit libs: [stdc++;m;gcc_s;gcc;c;gcc_s;gcc]
  implicit dirs: [/home/cmos/RV1126_RV1109_SDK/prebuilts/gcc/linux-x86/arm/gcc-arm-8.3-2019.03-x86_64-arm-linux-gnueabihf/lib/gcc/arm-linux-gnueabihf/8.3.0;/home/cmos/RV1126_RV1109_SDK/prebuilts/gcc/linux-x86/arm/gcc-arm-8.3-2019.03-x86_64-arm-linux-gnueabihf/lib/gcc;/home/cmos/RV1126_RV1109_SDK/prebuilts/gcc/linux-x86/arm/gcc-arm-8.3-2019.03-x86_64-arm-linux-gnueabihf/arm-linux-gnueabihf/lib;/home/cmos/RV1126_RV1109_SDK/prebuilts/gcc/linux-x86/arm/gcc-arm-8.3-2019.03-x86_64-arm-linux-gnueabihf/arm-linux-gnueabihf/libc/lib;/home/cmos/RV1126_RV1109_SDK/prebuilts/gcc/linux-x86/arm/gcc-arm-8.3-2019.03-x86_64-arm-linux-gnueabihf/arm-linux-gnueabihf/libc/usr/lib]
  implicit fwks: []




Detecting CXX [-std=c++1z] compiler features compiled with the following output:
Change Dir: /home/cmos/RV1126_RV1109_SDK/external/rknpu/rknn/rknn_api/examples/rknn_ssd_demo/build/CMakeFiles/CMakeTmp

Run Build Command:"/usr/bin/make" "cmTC_abf74/fast"
/usr/bin/make -f CMakeFiles/cmTC_abf74.dir/build.make CMakeFiles/cmTC_abf74.dir/build
make[1]: Entering directory '/home/cmos/RV1126_RV1109_SDK/external/rknpu/rknn/rknn_api/examples/rknn_ssd_demo/build/CMakeFiles/CMakeTmp'
Building CXX object CMakeFiles/cmTC_abf74.dir/feature_tests.cxx.o
/home/cmos/RV1126_RV1109_SDK/prebuilts/gcc/linux-x86/arm/gcc-arm-8.3-2019.03-x86_64-arm-linux-gnueabihf/bin/arm-linux-gnueabihf-g++    -std=c++1z -o CMakeFiles/cmTC_abf74.dir/feature_tests.cxx.o -c /home/cmos/RV1126_RV1109_SDK/external/rknpu/rknn/rknn_api/examples/rknn_ssd_demo/build/CMakeFiles/feature_tests.cxx
Linking CXX executable cmTC_abf74
/usr/bin/cmake -E cmake_link_script CMakeFiles/cmTC_abf74.dir/link.txt --verbose=1
/home/cmos/RV1126_RV1109_SDK/prebuilts/gcc/linux-x86/arm/gcc-arm-8.3-2019.03-x86_64-arm-linux-gnueabihf/bin/arm-linux-gnueabihf-g++       CMakeFiles/cmTC_abf74.dir/feature_tests.cxx.o  -o cmTC_abf74 
make[1]: Leaving directory '/home/cmos/RV1126_RV1109_SDK/external/rknpu/rknn/rknn_api/examples/rknn_ssd_demo/build/CMakeFiles/CMakeTmp'


    Feature record: CXX_FEATURE:1cxx_aggregate_default_initializers
    Feature record: CXX_FEATURE:1cxx_alias_templates
    Feature record: CXX_FEATURE:1cxx_alignas
    Feature record: CXX_FEATURE:1cxx_alignof
    Feature record: CXX_FEATURE:1cxx_attributes
    Feature record: CXX_FEATURE:1cxx_attribute_deprecated
    Feature record: CXX_FEATURE:1cxx_auto_type
    Feature record: CXX_FEATURE:1cxx_binary_literals
    Feature record: CXX_FEATURE:1cxx_constexpr
    Feature record: CXX_FEATURE:1cxx_contextual_conversions
    Feature record: CXX_FEATURE:1cxx_decltype
    Feature record: CXX_FEATURE:1cxx_decltype_auto
    Feature record: CXX_FEATURE:1cxx_decltype_incomplete_return_types
    Feature record: CXX_FEATURE:1cxx_default_function_template_args
    Feature record: CXX_FEATURE:1cxx_defaulted_functions
    Feature record: CXX_FEATURE:1cxx_defaulted_move_initializers
    Feature record: CXX_FEATURE:1cxx_delegating_constructors
    Feature record: CXX_FEATURE:1cxx_deleted_functions
    Feature record: CXX_FEATURE:1cxx_digit_separators
    Feature record: CXX_FEATURE:1cxx_enum_forward_declarations
    Feature record: CXX_FEATURE:1cxx_explicit_conversions
    Feature record: CXX_FEATURE:1cxx_extended_friend_declarations
    Feature record: CXX_FEATURE:1cxx_extern_templates
    Feature record: CXX_FEATURE:1cxx_final
    Feature record: CXX_FEATURE:1cxx_func_identifier
    Feature record: CXX_FEATURE:1cxx_generalized_initializers
    Feature record: CXX_FEATURE:1cxx_generic_lambdas
    Feature record: CXX_FEATURE:1cxx_inheriting_constructors
    Feature record: CXX_FEATURE:1cxx_inline_namespaces
    Feature record: CXX_FEATURE:1cxx_lambdas
    Feature record: CXX_FEATURE:1cxx_lambda_init_captures
    Feature record: CXX_FEATURE:1cxx_local_type_template_args
    Feature record: CXX_FEATURE:1cxx_long_long_type
    Feature record: CXX_FEATURE:1cxx_noexcept
    Feature record: CXX_FEATURE:1cxx_nonstatic_member_init
    Feature record: CXX_FEATURE:1cxx_nullptr
    Feature record: CXX_FEATURE:1cxx_override
    Feature record: CXX_FEATURE:1cxx_range_for
    Feature record: CXX_FEATURE:1cxx_raw_string_literals
    Feature record: CXX_FEATURE:1cxx_reference_qualified_functions
    Feature record: CXX_FEATURE:1cxx_relaxed_constexpr
    Feature record: CXX_FEATURE:1cxx_return_type_deduction
    Feature record: CXX_FEATURE:1cxx_right_angle_brackets
    Feature record: CXX_FEATURE:1cxx_rvalue_references
    Feature record: CXX_FEATURE:1cxx_sizeof_member
    Feature record: CXX_FEATURE:1cxx_static_assert
    Feature record: CXX_FEATURE:1cxx_strong_enums
    Feature record: CXX_FEATURE:1cxx_template_template_parameters
    Feature record: CXX_FEATURE:1cxx_thread_local
    Feature record: CXX_FEATURE:1cxx_trailing_return_types
    Feature record: CXX_FEATURE:1cxx_unicode_literals
    Feature record: CXX_FEATURE:1cxx_uniform_initialization
    Feature record: CXX_FEATURE:1cxx_unrestricted_unions
    Feature record: CXX_FEATURE:1cxx_user_literals
    Feature record: CXX_FEATURE:1cxx_variable_templates
    Feature record: CXX_FEATURE:1cxx_variadic_macros
    Feature record: CXX_FEATURE:1cxx_variadic_templates


Detecting CXX [-std=c++14] compiler features compiled with the following output:
Change Dir: /home/cmos/RV1126_RV1109_SDK/external/rknpu/rknn/rknn_api/examples/rknn_ssd_demo/build/CMakeFiles/CMakeTmp

Run Build Command:"/usr/bin/make" "cmTC_6bab4/fast"
/usr/bin/make -f CMakeFiles/cmTC_6bab4.dir/build.make CMakeFiles/cmTC_6bab4.dir/build
make[1]: Entering directory '/home/cmos/RV1126_RV1109_SDK/external/rknpu/rknn/rknn_api/examples/rknn_ssd_demo/build/CMakeFiles/CMakeTmp'
Building CXX object CMakeFiles/cmTC_6bab4.dir/feature_tests.cxx.o
/home/cmos/RV1126_RV1109_SDK/prebuilts/gcc/linux-x86/arm/gcc-arm-8.3-2019.03-x86_64-arm-linux-gnueabihf/bin/arm-linux-gnueabihf-g++    -std=c++14 -o CMakeFiles/cmTC_6bab4.dir/feature_tests.cxx.o -c /home/cmos/RV1126_RV1109_SDK/external/rknpu/rknn/rknn_api/examples/rknn_ssd_demo/build/CMakeFiles/feature_tests.cxx
Linking CXX executable cmTC_6bab4
/usr/bin/cmake -E cmake_link_script CMakeFiles/cmTC_6bab4.dir/link.txt --verbose=1
/home/cmos/RV1126_RV1109_SDK/prebuilts/gcc/linux-x86/arm/gcc-arm-8.3-2019.03-x86_64-arm-linux-gnueabihf/bin/arm-linux-gnueabihf-g++       CMakeFiles/cmTC_6bab4.dir/feature_tests.cxx.o  -o cmTC_6bab4 
make[1]: Leaving directory '/home/cmos/RV1126_RV1109_SDK/external/rknpu/rknn/rknn_api/examples/rknn_ssd_demo/build/CMakeFiles/CMakeTmp'


    Feature record: CXX_FEATURE:1cxx_aggregate_default_initializers
    Feature record: CXX_FEATURE:1cxx_alias_templates
    Feature record: CXX_FEATURE:1cxx_alignas
    Feature record: CXX_FEATURE:1cxx_alignof
    Feature record: CXX_FEATURE:1cxx_attributes
    Feature record: CXX_FEATURE:1cxx_attribute_deprecated
    Feature record: CXX_FEATURE:1cxx_auto_type
    Feature record: CXX_FEATURE:1cxx_binary_literals
    Feature record: CXX_FEATURE:1cxx_constexpr
    Feature record: CXX_FEATURE:1cxx_contextual_conversions
    Feature record: CXX_FEATURE:1cxx_decltype
    Feature record: CXX_FEATURE:1cxx_decltype_auto
    Feature record: CXX_FEATURE:1cxx_decltype_incomplete_return_types
    Feature record: CXX_FEATURE:1cxx_default_function_template_args
    Feature record: CXX_FEATURE:1cxx_defaulted_functions
    Feature record: CXX_FEATURE:1cxx_defaulted_move_initializers
    Feature record: CXX_FEATURE:1cxx_delegating_constructors
    Feature record: CXX_FEATURE:1cxx_deleted_functions
    Feature record: CXX_FEATURE:1cxx_digit_separators
    Feature record: CXX_FEATURE:1cxx_enum_forward_declarations
    Feature record: CXX_FEATURE:1cxx_explicit_conversions
    Feature record: CXX_FEATURE:1cxx_extended_friend_declarations
    Feature record: CXX_FEATURE:1cxx_extern_templates
    Feature record: CXX_FEATURE:1cxx_final
    Feature record: CXX_FEATURE:1cxx_func_identifier
    Feature record: CXX_FEATURE:1cxx_generalized_initializers
    Feature record: CXX_FEATURE:1cxx_generic_lambdas
    Feature record: CXX_FEATURE:1cxx_inheriting_constructors
    Feature record: CXX_FEATURE:1cxx_inline_namespaces
    Feature record: CXX_FEATURE:1cxx_lambdas
    Feature record: CXX_FEATURE:1cxx_lambda_init_captures
    Feature record: CXX_FEATURE:1cxx_local_type_template_args
    Feature record: CXX_FEATURE:1cxx_long_long_type
    Feature record: CXX_FEATURE:1cxx_noexcept
    Feature record: CXX_FEATURE:1cxx_nonstatic_member_init
    Feature record: CXX_FEATURE:1cxx_nullptr
    Feature record: CXX_FEATURE:1cxx_override
    Feature record: CXX_FEATURE:1cxx_range_for
    Feature record: CXX_FEATURE:1cxx_raw_string_literals
    Feature record: CXX_FEATURE:1cxx_reference_qualified_functions
    Feature record: CXX_FEATURE:1cxx_relaxed_constexpr
    Feature record: CXX_FEATURE:1cxx_return_type_deduction
    Feature record: CXX_FEATURE:1cxx_right_angle_brackets
    Feature record: CXX_FEATURE:1cxx_rvalue_references
    Feature record: CXX_FEATURE:1cxx_sizeof_member
    Feature record: CXX_FEATURE:1cxx_static_assert
    Feature record: CXX_FEATURE:1cxx_strong_enums
    Feature record: CXX_FEATURE:1cxx_template_template_parameters
    Feature record: CXX_FEATURE:1cxx_thread_local
    Feature record: CXX_FEATURE:1cxx_trailing_return_types
    Feature record: CXX_FEATURE:1cxx_unicode_literals
    Feature record: CXX_FEATURE:1cxx_uniform_initialization
    Feature record: CXX_FEATURE:1cxx_unrestricted_unions
    Feature record: CXX_FEATURE:1cxx_user_literals
    Feature record: CXX_FEATURE:1cxx_variable_templates
    Feature record: CXX_FEATURE:1cxx_variadic_macros
    Feature record: CXX_FEATURE:1cxx_variadic_templates


Detecting CXX [-std=c++11] compiler features compiled with the following output:
Change Dir: /home/cmos/RV1126_RV1109_SDK/external/rknpu/rknn/rknn_api/examples/rknn_ssd_demo/build/CMakeFiles/CMakeTmp

Run Build Command:"/usr/bin/make" "cmTC_ce514/fast"
/usr/bin/make -f CMakeFiles/cmTC_ce514.dir/build.make CMakeFiles/cmTC_ce514.dir/build
make[1]: Entering directory '/home/cmos/RV1126_RV1109_SDK/external/rknpu/rknn/rknn_api/examples/rknn_ssd_demo/build/CMakeFiles/CMakeTmp'
Building CXX object CMakeFiles/cmTC_ce514.dir/feature_tests.cxx.o
/home/cmos/RV1126_RV1109_SDK/prebuilts/gcc/linux-x86/arm/gcc-arm-8.3-2019.03-x86_64-arm-linux-gnueabihf/bin/arm-linux-gnueabihf-g++    -std=c++11 -o CMakeFiles/cmTC_ce514.dir/feature_tests.cxx.o -c /home/cmos/RV1126_RV1109_SDK/external/rknpu/rknn/rknn_api/examples/rknn_ssd_demo/build/CMakeFiles/feature_tests.cxx
Linking CXX executable cmTC_ce514
/usr/bin/cmake -E cmake_link_script CMakeFiles/cmTC_ce514.dir/link.txt --verbose=1
/home/cmos/RV1126_RV1109_SDK/prebuilts/gcc/linux-x86/arm/gcc-arm-8.3-2019.03-x86_64-arm-linux-gnueabihf/bin/arm-linux-gnueabihf-g++       CMakeFiles/cmTC_ce514.dir/feature_tests.cxx.o  -o cmTC_ce514 
make[1]: Leaving directory '/home/cmos/RV1126_RV1109_SDK/external/rknpu/rknn/rknn_api/examples/rknn_ssd_demo/build/CMakeFiles/CMakeTmp'


    Feature record: CXX_FEATURE:0cxx_aggregate_default_initializers
    Feature record: CXX_FEATURE:1cxx_alias_templates
    Feature record: CXX_FEATURE:1cxx_alignas
    Feature record: CXX_FEATURE:1cxx_alignof
    Feature record: CXX_FEATURE:1cxx_attributes
    Feature record: CXX_FEATURE:0cxx_attribute_deprecated
    Feature record: CXX_FEATURE:1cxx_auto_type
    Feature record: CXX_FEATURE:0cxx_binary_literals
    Feature record: CXX_FEATURE:1cxx_constexpr
    Feature record: CXX_FEATURE:0cxx_contextual_conversions
    Feature record: CXX_FEATURE:1cxx_decltype
    Feature record: CXX_FEATURE:0cxx_decltype_auto
    Feature record: CXX_FEATURE:1cxx_decltype_incomplete_return_types
    Feature record: CXX_FEATURE:1cxx_default_function_template_args
    Feature record: CXX_FEATURE:1cxx_defaulted_functions
    Feature record: CXX_FEATURE:1cxx_defaulted_move_initializers
    Feature record: CXX_FEATURE:1cxx_delegating_constructors
    Feature record: CXX_FEATURE:1cxx_deleted_functions
    Feature record: CXX_FEATURE:0cxx_digit_separators
    Feature record: CXX_FEATURE:1cxx_enum_forward_declarations
    Feature record: CXX_FEATURE:1cxx_explicit_conversions
    Feature record: CXX_FEATURE:1cxx_extended_friend_declarations
    Feature record: CXX_FEATURE:1cxx_extern_templates
    Feature record: CXX_FEATURE:1cxx_final
    Feature record: CXX_FEATURE:1cxx_func_identifier
    Feature record: CXX_FEATURE:1cxx_generalized_initializers
    Feature record: CXX_FEATURE:0cxx_generic_lambdas
    Feature record: CXX_FEATURE:1cxx_inheriting_constructors
    Feature record: CXX_FEATURE:1cxx_inline_namespaces
    Feature record: CXX_FEATURE:1cxx_lambdas
    Feature record: CXX_FEATURE:0cxx_lambda_init_captures
    Feature record: CXX_FEATURE:1cxx_local_type_template_args
    Feature record: CXX_FEATURE:1cxx_long_long_type
    Feature record: CXX_FEATURE:1cxx_noexcept
    Feature record: CXX_FEATURE:1cxx_nonstatic_member_init
    Feature record: CXX_FEATURE:1cxx_nullptr
    Feature record: CXX_FEATURE:1cxx_override
    Feature record: CXX_FEATURE:1cxx_range_for
    Feature record: CXX_FEATURE:1cxx_raw_string_literals
    Feature record: CXX_FEATURE:1cxx_reference_qualified_functions
    Feature record: CXX_FEATURE:0cxx_relaxed_constexpr
    Feature record: CXX_FEATURE:0cxx_return_type_deduction
    Feature record: CXX_FEATURE:1cxx_right_angle_brackets
    Feature record: CXX_FEATURE:1cxx_rvalue_references
    Feature record: CXX_FEATURE:1cxx_sizeof_member
    Feature record: CXX_FEATURE:1cxx_static_assert
    Feature record: CXX_FEATURE:1cxx_strong_enums
    Feature record: CXX_FEATURE:1cxx_template_template_parameters
    Feature record: CXX_FEATURE:1cxx_thread_local
    Feature record: CXX_FEATURE:1cxx_trailing_return_types
    Feature record: CXX_FEATURE:1cxx_unicode_literals
    Feature record: CXX_FEATURE:1cxx_uniform_initialization
    Feature record: CXX_FEATURE:1cxx_unrestricted_unions
    Feature record: CXX_FEATURE:1cxx_user_literals
    Feature record: CXX_FEATURE:0cxx_variable_templates
    Feature record: CXX_FEATURE:1cxx_variadic_macros
    Feature record: CXX_FEATURE:1cxx_variadic_templates


Detecting CXX [-std=c++98] compiler features compiled with the following output:
Change Dir: /home/cmos/RV1126_RV1109_SDK/external/rknpu/rknn/rknn_api/examples/rknn_ssd_demo/build/CMakeFiles/CMakeTmp

Run Build Command:"/usr/bin/make" "cmTC_b2741/fast"
/usr/bin/make -f CMakeFiles/cmTC_b2741.dir/build.make CMakeFiles/cmTC_b2741.dir/build
make[1]: Entering directory '/home/cmos/RV1126_RV1109_SDK/external/rknpu/rknn/rknn_api/examples/rknn_ssd_demo/build/CMakeFiles/CMakeTmp'
Building CXX object CMakeFiles/cmTC_b2741.dir/feature_tests.cxx.o
/home/cmos/RV1126_RV1109_SDK/prebuilts/gcc/linux-x86/arm/gcc-arm-8.3-2019.03-x86_64-arm-linux-gnueabihf/bin/arm-linux-gnueabihf-g++    -std=c++98 -o CMakeFiles/cmTC_b2741.dir/feature_tests.cxx.o -c /home/cmos/RV1126_RV1109_SDK/external/rknpu/rknn/rknn_api/examples/rknn_ssd_demo/build/CMakeFiles/feature_tests.cxx
Linking CXX executable cmTC_b2741
/usr/bin/cmake -E cmake_link_script CMakeFiles/cmTC_b2741.dir/link.txt --verbose=1
/home/cmos/RV1126_RV1109_SDK/prebuilts/gcc/linux-x86/arm/gcc-arm-8.3-2019.03-x86_64-arm-linux-gnueabihf/bin/arm-linux-gnueabihf-g++       CMakeFiles/cmTC_b2741.dir/feature_tests.cxx.o  -o cmTC_b2741 
make[1]: Leaving directory '/home/cmos/RV1126_RV1109_SDK/external/rknpu/rknn/rknn_api/examples/rknn_ssd_demo/build/CMakeFiles/CMakeTmp'


    Feature record: CXX_FEATURE:0cxx_aggregate_default_initializers
    Feature record: CXX_FEATURE:0cxx_alias_templates
    Feature record: CXX_FEATURE:0cxx_alignas
    Feature record: CXX_FEATURE:0cxx_alignof
    Feature record: CXX_FEATURE:0cxx_attributes
    Feature record: CXX_FEATURE:0cxx_attribute_deprecated
    Feature record: CXX_FEATURE:0cxx_auto_type
    Feature record: CXX_FEATURE:0cxx_binary_literals
    Feature record: CXX_FEATURE:0cxx_constexpr
    Feature record: CXX_FEATURE:0cxx_contextual_conversions
    Feature record: CXX_FEATURE:0cxx_decltype
    Feature record: CXX_FEATURE:0cxx_decltype_auto
    Feature record: CXX_FEATURE:0cxx_decltype_incomplete_return_types
    Feature record: CXX_FEATURE:0cxx_default_function_template_args
    Feature record: CXX_FEATURE:0cxx_defaulted_functions
    Feature record: CXX_FEATURE:0cxx_defaulted_move_initializers
    Feature record: CXX_FEATURE:0cxx_delegating_constructors
    Feature record: CXX_FEATURE:0cxx_deleted_functions
    Feature record: CXX_FEATURE:0cxx_digit_separators
    Feature record: CXX_FEATURE:0cxx_enum_forward_declarations
    Feature record: CXX_FEATURE:0cxx_explicit_conversions
    Feature record: CXX_FEATURE:0cxx_extended_friend_declarations
    Feature record: CXX_FEATURE:0cxx_extern_templates
    Feature record: CXX_FEATURE:0cxx_final
    Feature record: CXX_FEATURE:0cxx_func_identifier
    Feature record: CXX_FEATURE:0cxx_generalized_initializers
    Feature record: CXX_FEATURE:0cxx_generic_lambdas
    Feature record: CXX_FEATURE:0cxx_inheriting_constructors
    Feature record: CXX_FEATURE:0cxx_inline_namespaces
    Feature record: CXX_FEATURE:0cxx_lambdas
    Feature record: CXX_FEATURE:0cxx_lambda_init_captures
    Feature record: CXX_FEATURE:0cxx_local_type_template_args
    Feature record: CXX_FEATURE:0cxx_long_long_type
    Feature record: CXX_FEATURE:0cxx_noexcept
    Feature record: CXX_FEATURE:0cxx_nonstatic_member_init
    Feature record: CXX_FEATURE:0cxx_nullptr
    Feature record: CXX_FEATURE:0cxx_override
    Feature record: CXX_FEATURE:0cxx_range_for
    Feature record: CXX_FEATURE:0cxx_raw_string_literals
    Feature record: CXX_FEATURE:0cxx_reference_qualified_functions
    Feature record: CXX_FEATURE:0cxx_relaxed_constexpr
    Feature record: CXX_FEATURE:0cxx_return_type_deduction
    Feature record: CXX_FEATURE:0cxx_right_angle_brackets
    Feature record: CXX_FEATURE:0cxx_rvalue_references
    Feature record: CXX_FEATURE:0cxx_sizeof_member
    Feature record: CXX_FEATURE:0cxx_static_assert
    Feature record: CXX_FEATURE:0cxx_strong_enums
    Feature record: CXX_FEATURE:1cxx_template_template_parameters
    Feature record: CXX_FEATURE:0cxx_thread_local
    Feature record: CXX_FEATURE:0cxx_trailing_return_types
    Feature record: CXX_FEATURE:0cxx_unicode_literals
    Feature record: CXX_FEATURE:0cxx_uniform_initialization
    Feature record: CXX_FEATURE:0cxx_unrestricted_unions
    Feature record: CXX_FEATURE:0cxx_user_literals
    Feature record: CXX_FEATURE:0cxx_variable_templates
    Feature record: CXX_FEATURE:0cxx_variadic_macros
    Feature record: CXX_FEATURE:0cxx_variadic_templates
